SF:lib\core\feature\auth\core\errors\auth_failures.dart
DA:4,8
DA:8,6
DA:12,1
DA:13,1
LF:4
LH:4
end_of_record
SF:lib\core\feature\auth\cubit\auth_state.dart
DA:10,36
DA:14,1
DA:16,1
DA:17,1
DA:18,1
DA:19,1
DA:20,1
DA:23,1
DA:28,1
DA:29,1
DA:30,1
DA:31,1
DA:35,0
LF:13
LH:12
end_of_record
SF:lib\core\feature\auth\cubit\auth_cubit.dart
DA:19,2
DA:20,2
DA:21,0
DA:30,1
DA:31,3
DA:32,1
DA:33,1
DA:34,2
DA:35,2
DA:36,3
DA:38,1
DA:40,1
DA:41,3
DA:44,0
DA:46,0
DA:47,0
DA:50,1
DA:51,1
DA:53,1
DA:56,2
DA:58,0
DA:60,1
DA:61,1
DA:62,1
DA:63,5
DA:64,1
DA:66,4
DA:69,0
DA:72,1
DA:75,1
DA:77,2
DA:79,1
DA:80,2
DA:85,0
DA:86,0
DA:92,0
DA:95,0
DA:98,0
DA:99,0
DA:101,0
LF:40
LH:27
end_of_record
SF:lib\core\feature\auth\domain\usecases\login\login_usecase.dart
DA:8,1
DA:10,1
DA:11,2
LF:3
LH:3
end_of_record
SF:lib\core\feature\user_details\cubit\user_details_state.dart
DA:8,35
DA:14,1
DA:15,1
DA:16,1
DA:17,1
DA:18,1
DA:21,1
DA:26,1
DA:27,0
DA:28,1
DA:29,1
LF:11
LH:10
end_of_record
SF:lib\core\feature\user_details\cubit\user_details_cubit.dart
DA:25,1
DA:31,1
DA:35,1
DA:36,1
DA:38,0
DA:41,1
DA:44,1
DA:45,2
DA:47,0
DA:52,0
DA:54,0
DA:55,0
DA:56,0
DA:57,0
DA:58,0
DA:60,0
DA:63,0
DA:66,0
DA:73,1
DA:74,2
DA:76,1
DA:77,3
DA:81,0
DA:85,0
DA:87,0
DA:88,0
DA:89,0
DA:90,0
DA:91,0
DA:92,0
DA:96,0
DA:99,0
DA:105,0
DA:106,0
DA:108,0
DA:113,0
DA:115,0
DA:119,0
DA:126,0
DA:127,0
DA:128,0
DA:133,0
DA:134,0
DA:135,0
DA:136,0
DA:140,0
DA:141,0
DA:144,0
DA:147,0
LF:49
LH:11
end_of_record
SF:lib\core\feature\user_details\domain\entities\user_details_entity.dart
DA:12,74
DA:20,3
DA:21,3
DA:22,3
DA:23,3
DA:24,3
DA:25,3
DA:26,3
DA:30,0
DA:38,0
DA:39,0
DA:40,0
DA:41,0
DA:42,0
DA:43,0
DA:47,3
DA:48,3
DA:49,3
DA:50,3
DA:51,3
DA:52,3
DA:53,3
DA:58,3
DA:61,2
LF:24
LH:17
end_of_record
SF:lib\core\feature\user_details\domain\usecases\exists_user\exists_user_usecase.dart
DA:9,1
DA:11,1
DA:12,2
LF:3
LH:3
end_of_record
SF:lib\core\feature\user_details\domain\usecases\get_user_details\get_user_details_usecase.dart
DA:10,0
DA:12,0
DA:13,0
LF:3
LH:0
end_of_record
SF:lib\core\feature\user_details\domain\usecases\save_user\save_user_usecase.dart
DA:9,1
DA:11,1
DA:12,2
LF:3
LH:3
end_of_record
SF:lib\core\services\storage\storage_service.dart
DA:9,0
DA:11,0
DA:14,0
DA:17,0
DA:18,0
LF:5
LH:0
end_of_record
SF:lib\core\usecase\usecase.dart
DA:8,34
LF:1
LH:1
end_of_record
SF:lib\core\feature\user_details\core\errors\user_details_failure.dart
DA:4,8
DA:8,4
DA:12,0
DA:16,4
DA:20,0
LF:5
LH:3
end_of_record
SF:lib\core\errors\failure.dart
DA:3,29
LF:1
LH:1
end_of_record
SF:lib\core\feature\history\core\errors\hisotry_failure.dart
DA:4,12
DA:8,4
DA:12,4
DA:16,4
LF:4
LH:4
end_of_record
SF:lib\core\feature\history\cubit\history_state.dart
DA:10,34
DA:16,0
DA:17,0
DA:18,0
DA:19,0
DA:20,0
DA:23,0
DA:28,0
DA:29,0
DA:30,0
DA:31,0
LF:11
LH:1
end_of_record
SF:lib\core\feature\history\cubit\history_cubit.dart
DA:15,0
DA:19,0
DA:21,0
DA:22,0
DA:24,0
DA:25,0
DA:26,0
DA:29,0
DA:32,0
DA:33,0
DA:34,0
DA:37,0
DA:40,0
DA:44,0
DA:45,0
DA:46,0
DA:49,0
DA:50,0
DA:52,0
DA:55,0
DA:59,0
DA:60,0
DA:63,0
LF:23
LH:0
end_of_record
SF:lib\core\feature\history\domain\entities\history_word_entity.dart
DA:8,38
DA:13,1
DA:14,1
DA:15,1
DA:16,1
DA:20,0
DA:24,0
DA:25,0
DA:26,0
DA:30,2
DA:31,2
DA:32,2
DA:33,2
DA:37,0
LF:14
LH:9
end_of_record
SF:lib\core\feature\history\data\models\history_word_model.dart
DA:7,2
DA:10,2
DA:12,1
DA:13,1
DA:14,1
DA:15,1
DA:19,0
DA:20,0
DA:21,0
DA:22,0
DA:26,0
DA:28,0
DA:30,0
DA:31,0
DA:32,0
DA:33,0
LF:16
LH:6
end_of_record
SF:lib\core\feature\words\domain\entities\word_entity.dart
DA:8,5
DA:10,0
DA:11,0
DA:12,0
DA:13,0
DA:17,0
DA:21,0
DA:22,0
DA:23,0
DA:27,1
DA:28,1
DA:29,1
DA:30,1
LF:13
LH:5
end_of_record
SF:lib\core\feature\user_details\data\models\user_details_model.dart
DA:7,3
DA:13,3
DA:21,1
DA:22,1
DA:23,1
DA:24,1
DA:25,1
DA:26,1
DA:27,1
DA:31,0
DA:32,0
DA:33,0
DA:34,0
DA:35,0
DA:36,0
DA:37,0
DA:41,0
DA:43,0
DA:45,1
DA:46,1
DA:47,1
DA:48,1
DA:49,1
DA:50,1
LF:24
LH:15
end_of_record
SF:lib\core\feature\words\data\models\word_model.dart
DA:7,1
DA:10,1
DA:12,1
DA:13,1
DA:14,1
DA:15,1
DA:19,0
DA:20,0
DA:21,0
DA:22,0
DA:26,0
DA:28,0
DA:30,0
DA:31,0
DA:32,0
DA:33,0
LF:16
LH:6
end_of_record
SF:lib\core\feature\auth\data\datasource\login\login_datasource.dart
DA:9,0
DA:11,0
DA:14,0
DA:15,0
DA:16,0
LF:5
LH:0
end_of_record
SF:lib\core\feature\auth\data\repositores\login\login_repository.dart
DA:8,1
DA:10,1
DA:13,2
DA:15,1
LF:4
LH:4
end_of_record
SF:lib\core\errors\google_failure.dart
DA:4,0
DA:8,0
DA:10,0
DA:14,0
DA:18,0
DA:21,0
DA:24,0
DA:27,0
DA:30,0
DA:33,0
DA:41,0
LF:11
LH:0
end_of_record
SF:lib\core\feature\favorites\core\errors\favorites_failure.dart
DA:4,14
DA:8,6
DA:12,6
DA:16,6
LF:4
LH:4
end_of_record
SF:lib\core\feature\favorites\cubit\favorites_state.dart
DA:8,22
DA:14,1
DA:15,1
DA:16,1
DA:17,1
DA:18,1
DA:21,1
DA:26,1
DA:27,1
DA:28,0
DA:29,1
LF:11
LH:10
end_of_record
SF:lib\core\feature\favorites\cubit\favorites_cubit.dart
DA:16,1
DA:20,1
DA:22,1
DA:23,1
DA:25,2
DA:27,3
DA:30,4
DA:33,1
DA:34,3
DA:36,3
DA:37,2
DA:40,7
DA:43,4
DA:47,1
DA:48,3
DA:50,3
DA:51,2
DA:54,3
DA:55,7
DA:59,4
DA:63,0
DA:65,0
LF:22
LH:20
end_of_record
SF:lib\core\feature\favorites\domain\entities\favorite_word_entity.dart
DA:8,10
DA:10,4
DA:11,4
DA:12,4
DA:13,4
DA:17,0
DA:21,0
DA:22,0
DA:23,0
DA:27,4
DA:28,4
DA:29,4
DA:30,4
LF:13
LH:9
end_of_record
SF:lib\core\feature\favorites\domain\usecases\get_favorites_words\get_favorites_words_usecase.dart
DA:9,1
DA:11,1
DA:12,2
LF:3
LH:3
end_of_record
SF:lib\core\feature\favorites\domain\usecases\remove_favorite_word\remove_favorite_word_usecase.dart
DA:9,1
DA:11,1
DA:12,2
LF:3
LH:3
end_of_record
SF:lib\core\feature\favorites\domain\usecases\save_favorite_word\save_favorite_word_usecase.dart
DA:9,1
DA:11,1
DA:12,2
LF:3
LH:3
end_of_record
SF:lib\core\feature\favorites\data\models\favorites_word_model.dart
DA:7,4
DA:10,4
DA:12,1
DA:13,1
DA:14,1
DA:15,1
DA:19,0
DA:20,0
DA:21,0
DA:22,0
DA:26,0
DA:28,0
DA:30,1
DA:31,1
DA:32,1
DA:33,1
LF:16
LH:10
end_of_record
SF:lib\core\feature\favorites\data\datasources\get_favorites_words\get_favorites_words_datasource.dart
DA:10,0
DA:12,0
DA:15,0
DA:16,0
DA:17,0
DA:18,0
LF:6
LH:0
end_of_record
SF:lib\core\feature\favorites\data\repositories\get_favorites_words\get_favorites_words_repository.dart
DA:9,1
DA:11,1
DA:14,6
DA:15,1
DA:16,1
LF:5
LH:5
end_of_record
SF:lib\core\errors\firebase_failure.dart
DA:4,2
LF:1
LH:1
end_of_record
SF:lib\core\feature\favorites\data\datasources\remove_favorite_word\remove_favorite_word_datasource.dart
DA:10,0
DA:12,0
DA:15,0
DA:16,0
DA:17,0
LF:5
LH:0
end_of_record
SF:lib\core\feature\favorites\data\repositories\remove_favorite_word\remove_favorite_word_repository.dart
DA:9,1
DA:11,1
DA:14,3
DA:15,1
LF:4
LH:4
end_of_record
SF:lib\core\feature\favorites\data\datasources\save_favorite_word\save_favorite_word_datasource.dart
DA:10,0
DA:12,0
DA:15,0
DA:16,0
DA:17,0
LF:5
LH:0
end_of_record
SF:lib\core\feature\favorites\data\repositories\save_favorite_word\save_favorite_word_repository.dart
DA:9,1
DA:10,1
DA:13,3
DA:14,1
LF:4
LH:4
end_of_record
SF:lib\core\feature\words\core\errors\words_failure.dart
DA:4,0
DA:8,6
LF:2
LH:1
end_of_record
SF:lib\core\feature\words\data\repositories\get_words\get_words_repository.dart
DA:9,1
DA:10,1
DA:13,2
DA:14,1
DA:15,1
LF:5
LH:5
end_of_record
SF:lib\core\feature\words\domain\usecases\get_words\get_words_usecase.dart
DA:10,2
DA:12,2
DA:13,4
LF:3
LH:3
end_of_record
SF:lib\core\feature\history\domain\usecases\clear_history_word\clear_history_word_usecase.dart
DA:8,1
DA:10,1
DA:11,2
LF:3
LH:3
end_of_record
SF:lib\core\feature\history\domain\usecases\get_history_words\get_history_words_usecase.dart
DA:9,1
DA:11,1
DA:12,2
LF:3
LH:3
end_of_record
SF:lib\core\feature\history\domain\usecases\save_history_word\save_history_word_usecase.dart
DA:9,1
DA:11,1
DA:12,2
LF:3
LH:3
end_of_record
SF:lib\core\feature\history\data\datasources\clear_history_words\clear_history_words_datasource.dart
DA:9,0
DA:11,0
DA:14,0
DA:15,0
DA:16,0
LF:5
LH:0
end_of_record
SF:lib\core\feature\history\data\repositories\clear_history_worda\clear_history_words_repository.dart
DA:8,1
DA:10,1
DA:13,2
DA:14,1
LF:4
LH:4
end_of_record
SF:lib\core\feature\history\data\datasources\get_history_words\get_history_words_datasource.dart
DA:10,0
DA:12,0
DA:15,0
DA:16,0
DA:17,0
DA:18,0
LF:6
LH:0
end_of_record
SF:lib\core\feature\history\data\repositories\get_history_words\get_history_words_repository.dart
DA:9,1
DA:11,1
DA:14,2
DA:15,1
DA:16,1
LF:5
LH:5
end_of_record
SF:lib\core\feature\history\data\datasources\save_history_word\save_history_word_datasource.dart
DA:11,0
DA:13,0
DA:16,0
DA:17,0
DA:18,0
LF:5
LH:0
end_of_record
SF:lib\core\feature\history\data\repositories\save_history_word\save_history_word_repository.dart
DA:9,1
DA:10,1
DA:13,3
DA:14,1
LF:4
LH:4
end_of_record
SF:lib\core\feature\user_details\data\datasources\exists_user\exists_user_datasource_interface.dart
DA:9,0
DA:11,0
DA:14,0
DA:15,0
DA:16,0
LF:5
LH:0
end_of_record
SF:lib\core\feature\user_details\data\repositories\exists_user\exists_user_repository.dart
DA:8,1
DA:10,1
DA:13,2
DA:14,1
LF:4
LH:4
end_of_record
SF:lib\core\feature\user_details\data\datasources\get_user_details\get_user_details_datasource.dart.dart
DA:10,0
DA:12,0
DA:15,0
DA:17,0
DA:18,0
DA:19,0
LF:6
LH:0
end_of_record
SF:lib\core\feature\user_details\data\repositories\get_user_details\get_user_details_repository.dart
DA:9,1
DA:11,1
DA:14,3
DA:15,1
DA:16,1
LF:5
LH:5
end_of_record
SF:lib\core\feature\user_details\data\datasources\save_user\save_user_datasource.dart
DA:11,0
DA:13,0
DA:16,0
DA:17,0
DA:18,0
LF:5
LH:0
end_of_record
SF:lib\core\feature\user_details\data\repositories\save_user\save_user_repository.dart
DA:9,1
DA:11,1
DA:14,3
DA:15,1
LF:4
LH:4
end_of_record
SF:lib\core\feature\words\domain\usecases\get_gpt_words\get_gpt_words_usecase.dart
DA:10,0
DA:12,0
DA:13,0
LF:3
LH:0
end_of_record
SF:lib\core\feature\words\data\models\gpt_request_model.dart
DA:6,0
DA:10,0
DA:15,0
DA:16,0
DA:17,0
DA:18,0
DA:22,0
DA:23,0
DA:24,0
DA:25,0
DA:29,0
DA:30,0
DA:34,0
DA:37,0
DA:42,0
DA:43,0
DA:44,0
DA:45,0
DA:49,0
DA:50,0
DA:51,0
DA:52,0
DA:56,0
DA:57,0
LF:24
LH:0
end_of_record
SF:lib\core\feature\words\domain\entities\gpt_request_entity.dart
DA:9,0
DA:14,0
DA:15,0
DA:17,0
DA:18,0
DA:19,0
DA:23,0
DA:27,0
DA:28,0
DA:37,0
DA:39,0
DA:40,0
DA:42,0
DA:46,0
DA:47,0
DA:48,0
DA:52,0
DA:53,0
DA:54,0
DA:55,0
LF:20
LH:0
end_of_record
SF:lib\core\feature\words\data\datasources\get_words\get_words_datasource.dart
DA:10,0
DA:12,0
DA:15,0
DA:16,0
DA:17,0
DA:18,0
LF:6
LH:0
end_of_record
SF:lib\core\feature\word_signification\core\services\rapidapi\rapidapi_service.dart
DA:6,2
DA:8,0
DA:12,0
DA:14,0
DA:15,0
DA:23,1
DA:25,1
LF:7
LH:3
end_of_record
SF:lib\core\services\http\http_service.dart
DA:7,2
DA:8,8
DA:19,1
DA:21,1
DA:23,2
DA:24,3
DA:29,2
DA:31,5
DA:35,1
DA:37,3
DA:41,1
DA:43,3
DA:47,1
DA:49,3
DA:53,0
DA:55,0
LF:16
LH:14
end_of_record
SF:lib\core\services\http\http_service_interface.dart
DA:17,0
LF:1
LH:0
end_of_record
SF:lib\core\feature\word_signification\domain\usecases\get_word_signification\get_word_signification_usecase.dart
DA:9,1
DA:11,1
DA:12,2
LF:3
LH:3
end_of_record
SF:lib\core\feature\word_signification\domain\usecases\get_word_signification_exemple\get_word_signification_exemple_usecase.dart
DA:9,1
DA:10,1
DA:11,2
LF:3
LH:3
end_of_record
SF:lib\core\feature\word_signification\core\errors\word_signification_failure.dart
DA:4,8
DA:8,2
DA:9,2
DA:13,2
DA:15,2
LF:5
LH:5
end_of_record
SF:lib\core\feature\word_signification\data\model\exemple_model.dart
DA:6,1
DA:9,1
DA:11,0
DA:12,0
DA:13,0
DA:14,0
DA:18,0
DA:19,0
DA:20,0
DA:21,0
DA:25,0
DA:27,0
DA:29,1
DA:30,1
DA:31,1
DA:32,1
LF:16
LH:6
end_of_record
SF:lib\core\feature\word_signification\domain\entities\exemple_entity.dart
DA:10,10
DA:15,1
DA:16,3
DA:18,0
DA:22,0
DA:23,0
DA:24,0
DA:28,1
DA:29,1
DA:30,1
DA:31,1
DA:35,2
DA:39,0
LF:13
LH:8
end_of_record
SF:lib\core\feature\word_signification\data\model\pronunciation_model.dart
DA:6,6
DA:12,1
DA:14,0
DA:15,0
DA:16,0
DA:17,0
DA:18,0
DA:19,0
DA:20,0
DA:24,0
DA:25,0
DA:26,0
DA:27,0
DA:28,0
DA:29,0
DA:30,0
DA:34,0
DA:36,0
DA:38,1
DA:39,1
DA:40,1
DA:41,1
DA:42,1
DA:43,1
DA:44,1
LF:25
LH:9
end_of_record
SF:lib\core\feature\word_signification\domain\entities\pronunciation_entity.dart
DA:12,12
DA:20,1
DA:21,6
DA:23,0
DA:30,0
DA:31,0
DA:32,0
DA:33,0
DA:34,0
DA:35,0
DA:39,1
DA:40,1
DA:41,1
DA:42,1
DA:43,1
DA:44,1
DA:45,1
DA:49,0
LF:18
LH:10
end_of_record
SF:lib\core\feature\word_signification\data\model\results_model.dart
DA:6,0
DA:14,0
DA:24,0
DA:25,0
DA:26,0
DA:27,0
DA:28,0
DA:29,0
DA:30,0
DA:31,0
DA:32,0
DA:36,0
DA:37,0
DA:38,0
DA:39,0
DA:40,0
DA:41,0
DA:42,0
DA:43,0
DA:44,0
DA:48,0
DA:50,0
DA:52,0
DA:53,0
DA:54,0
DA:55,0
DA:56,0
DA:57,0
DA:58,0
DA:59,0
DA:60,0
LF:31
LH:0
end_of_record
SF:lib\core\feature\word_signification\domain\entities\results_entity.dart
DA:13,0
DA:23,0
DA:25,0
DA:28,0
DA:37,0
DA:38,0
DA:39,0
DA:40,0
DA:41,0
DA:42,0
DA:43,0
DA:44,0
DA:48,0
DA:49,0
DA:50,0
DA:51,0
DA:52,0
DA:53,0
DA:54,0
DA:55,0
DA:56,0
DA:60,0
DA:61,0
LF:23
LH:0
end_of_record
SF:lib\core\feature\word_signification\data\model\syllables_model.dart
DA:6,6
DA:9,1
DA:11,0
DA:12,0
DA:13,0
DA:14,0
DA:18,0
DA:19,0
DA:20,0
DA:21,0
DA:25,1
DA:26,1
DA:27,1
DA:28,1
DA:32,0
DA:34,0
LF:16
LH:6
end_of_record
SF:lib\core\feature\word_signification\domain\entities\syllables_entity.dart
DA:9,13
DA:14,1
DA:15,3
DA:17,0
DA:21,0
DA:22,0
DA:23,0
DA:27,1
DA:28,1
DA:29,1
DA:30,1
DA:34,0
LF:12
LH:7
end_of_record
SF:lib\core\feature\word_signification\data\model\word_signification_model.dart
DA:9,1
DA:15,1
DA:17,0
DA:18,0
DA:19,0
DA:20,0
DA:21,0
DA:22,0
DA:23,0
DA:27,0
DA:28,0
DA:29,0
DA:30,0
DA:31,0
DA:32,0
DA:35,0
DA:36,0
DA:37,0
DA:41,0
DA:43,0
DA:45,1
DA:46,1
DA:47,1
DA:48,3
DA:49,3
DA:50,3
DA:51,1
LF:27
LH:9
end_of_record
SF:lib\core\feature\word_signification\domain\entities\word_signification_entity.dart
DA:16,9
DA:24,1
DA:26,6
DA:29,0
DA:36,0
DA:37,0
DA:38,0
DA:39,0
DA:40,0
DA:41,0
DA:45,1
DA:46,1
DA:47,1
DA:48,3
DA:49,2
DA:50,2
DA:51,1
DA:55,2
DA:59,0
LF:19
LH:11
end_of_record
SF:lib\core\feature\word_signification\data\datasource\get_word_signification\get_word_signification_datasource.dart
DA:10,0
DA:12,0
DA:16,0
DA:17,0
DA:18,0
DA:19,0
LF:6
LH:0
end_of_record
SF:lib\core\feature\word_signification\data\repositories\get_word_signification\get_word_signification_repository.dart
DA:9,1
DA:11,1
DA:14,3
DA:15,1
LF:4
LH:4
end_of_record
SF:lib\core\feature\word_signification\data\datasource\get_word_signification_exemple\get_word_signification_exemple_datasource.dart
DA:10,0
DA:12,0
DA:16,0
DA:17,0
DA:18,0
DA:19,0
LF:6
LH:0
end_of_record
SF:lib\core\feature\word_signification\data\repositories\get_word_signification_exemple\get_word_signification_exemple_repository.dart
DA:9,1
DA:11,1
DA:14,3
DA:15,1
LF:4
LH:4
end_of_record
SF:lib\core\services\firebase\firestore_service.dart
DA:10,1
DA:12,1
DA:13,5
DA:15,1
DA:16,1
DA:17,1
DA:18,1
DA:19,7
DA:20,1
DA:22,1
DA:23,1
DA:24,1
DA:25,3
DA:26,1
DA:27,2
DA:28,1
DA:30,1
DA:31,1
DA:32,1
DA:33,3
DA:34,1
DA:35,3
DA:36,1
DA:38,1
DA:39,1
DA:40,1
DA:41,3
DA:42,1
DA:43,3
DA:44,1
DA:46,1
DA:47,1
DA:48,1
DA:49,3
DA:50,1
DA:51,2
DA:52,1
DA:53,2
DA:54,1
DA:56,1
DA:57,1
DA:58,1
DA:59,3
DA:60,1
DA:61,1
DA:62,7
DA:63,1
DA:65,1
DA:66,1
DA:67,1
DA:68,3
DA:69,1
DA:70,2
DA:71,1
DA:72,2
DA:73,1
DA:75,1
DA:76,1
DA:77,1
DA:78,3
DA:79,1
DA:80,2
DA:81,5
DA:82,2
DA:83,1
DA:85,1
DA:86,1
DA:87,1
DA:88,3
DA:89,1
DA:90,1
DA:91,1
DA:92,7
DA:94,1
DA:96,9
DA:97,2
DA:98,2
DA:101,1
LF:78
LH:78
end_of_record
